mode: set
github.com/fuskovic/env/env.go:32.31,34.37 2 1
github.com/fuskovic/env/env.go:34.37,35.46 1 1
github.com/fuskovic/env/env.go:35.46,37.4 1 1
github.com/fuskovic/env/env.go:39.2,39.26 1 1
github.com/fuskovic/env/env.go:44.52,46.16 2 1
github.com/fuskovic/env/env.go:46.16,48.3 1 1
github.com/fuskovic/env/env.go:49.2,49.26 1 1
github.com/fuskovic/env/env.go:53.52,55.16 2 1
github.com/fuskovic/env/env.go:55.16,57.3 1 1
github.com/fuskovic/env/env.go:58.2,62.21 4 1
github.com/fuskovic/env/env.go:62.21,66.35 2 1
github.com/fuskovic/env/env.go:66.35,67.12 1 1
github.com/fuskovic/env/env.go:71.3,74.10 3 1
github.com/fuskovic/env/env.go:74.10,75.12 1 0
github.com/fuskovic/env/env.go:78.3,82.20 3 1
github.com/fuskovic/env/env.go:82.20,84.49 1 1
github.com/fuskovic/env/env.go:84.49,86.5 1 1
github.com/fuskovic/env/env.go:89.3,89.18 1 1
github.com/fuskovic/env/env.go:91.2,91.28 1 1
github.com/fuskovic/env/env.go:95.52,97.48 2 1
github.com/fuskovic/env/env.go:97.48,99.3 1 1
github.com/fuskovic/env/env.go:100.2,101.33 2 1
github.com/fuskovic/env/env.go:101.33,103.3 1 0
github.com/fuskovic/env/env.go:104.2,104.31 1 1
github.com/fuskovic/env/env.go:107.67,109.31 2 1
github.com/fuskovic/env/env.go:109.31,113.19 3 1
github.com/fuskovic/env/env.go:113.19,114.12 1 0
github.com/fuskovic/env/env.go:118.3,118.72 1 1
github.com/fuskovic/env/env.go:118.72,119.54 1 1
github.com/fuskovic/env/env.go:119.54,120.13 1 0
github.com/fuskovic/env/env.go:122.4,122.49 1 1
github.com/fuskovic/env/env.go:122.49,124.5 1 0
github.com/fuskovic/env/env.go:125.4,125.12 1 1
github.com/fuskovic/env/env.go:128.3,129.30 2 1
github.com/fuskovic/env/env.go:129.30,130.12 1 1
github.com/fuskovic/env/env.go:133.3,135.10 3 1
github.com/fuskovic/env/env.go:135.10,136.46 1 1
github.com/fuskovic/env/env.go:136.46,138.5 1 1
github.com/fuskovic/env/env.go:138.10,138.46 1 1
github.com/fuskovic/env/env.go:138.46,140.5 1 1
github.com/fuskovic/env/env.go:140.10,141.13 1 0
github.com/fuskovic/env/env.go:145.3,145.43 1 1
github.com/fuskovic/env/env.go:145.43,147.4 1 0
github.com/fuskovic/env/env.go:149.2,149.12 1 1
github.com/fuskovic/env/env.go:153.55,157.30 4 1
github.com/fuskovic/env/env.go:157.30,160.3 2 1
github.com/fuskovic/env/env.go:161.2,161.19 1 1
github.com/fuskovic/env/env.go:165.51,167.34 1 1
github.com/fuskovic/env/env.go:167.34,168.17 1 1
github.com/fuskovic/env/env.go:168.17,170.4 1 1
github.com/fuskovic/env/env.go:171.3,171.34 1 1
github.com/fuskovic/env/env.go:175.2,175.76 1 1
github.com/fuskovic/env/env.go:175.76,177.3 1 1
github.com/fuskovic/env/env.go:180.2,180.51 1 1
github.com/fuskovic/env/env.go:180.51,182.17 2 1
github.com/fuskovic/env/env.go:182.17,184.4 1 0
github.com/fuskovic/env/env.go:185.3,186.13 2 1
github.com/fuskovic/env/env.go:189.2,189.19 1 1
github.com/fuskovic/env/env.go:190.22,191.20 1 1
github.com/fuskovic/env/env.go:192.20,194.17 2 1
github.com/fuskovic/env/env.go:194.17,196.4 1 0
github.com/fuskovic/env/env.go:197.3,197.16 1 1
github.com/fuskovic/env/env.go:198.78,200.17 2 1
github.com/fuskovic/env/env.go:200.17,202.4 1 0
github.com/fuskovic/env/env.go:203.3,203.15 1 1
github.com/fuskovic/env/env.go:204.83,206.17 2 1
github.com/fuskovic/env/env.go:206.17,208.4 1 0
github.com/fuskovic/env/env.go:209.3,209.16 1 1
github.com/fuskovic/env/env.go:210.40,212.17 2 1
github.com/fuskovic/env/env.go:212.17,214.4 1 0
github.com/fuskovic/env/env.go:215.3,215.17 1 1
github.com/fuskovic/env/env.go:216.10,217.54 1 0
github.com/fuskovic/env/env.go:219.2,219.12 1 1
github.com/fuskovic/env/env.go:223.51,226.26 3 1
github.com/fuskovic/env/env.go:226.26,227.72 1 1
github.com/fuskovic/env/env.go:227.72,229.4 1 0
github.com/fuskovic/env/env.go:231.2,232.12 2 1
